<?xml version="1.0" encoding="UTF-8"?>
<testsuites>
  <testsuite name="fastlane.lanes">
    
    
    
      
      <testcase classname="fastlane.lanes" name="0: default_platform" time="0.039983">
        
      </testcase>
    
      
      <testcase classname="fastlane.lanes" name="1: cocoapods" time="6.41359">
        
      </testcase>
    
      
      <testcase classname="fastlane.lanes" name="2: git_tag_exists" time="0.030725">
        
      </testcase>
    
      
      <testcase classname="fastlane.lanes" name="3: remove_tag" time="7.358269">
        
      </testcase>
    
      
      <testcase classname="fastlane.lanes" name="4: git_add" time="0.041122">
        
      </testcase>
    
      
      <testcase classname="fastlane.lanes" name="5: git_commit" time="0.079474">
        
      </testcase>
    
      
      <testcase classname="fastlane.lanes" name="6: push_to_git_remote" time="6.054906">
        
      </testcase>
    
      
      <testcase classname="fastlane.lanes" name="7: add_git_tag" time="0.03444">
        
      </testcase>
    
      
      <testcase classname="fastlane.lanes" name="8: push_git_tags" time="5.759978">
        
      </testcase>
    
      
      <testcase classname="fastlane.lanes" name="9: pod_lib_lint" time="171.554132">
        
          <failure message="/Users/WangQiang/.fastlane/bin/bundle/lib/ruby/gems/2.2.0/gems/fastlane-2.108.0/fastlane/lib/fastlane/actions/actions_helper.rb:48:in `execute_action'&#10;/Users/WangQiang/.fastlane/bin/bundle/lib/ruby/gems/2.2.0/gems/fastlane-2.108.0/fastlane/lib/fastlane/runner.rb:232:in `block in execute_action'&#10;/Users/WangQiang/.fastlane/bin/bundle/lib/ruby/gems/2.2.0/gems/fastlane-2.108.0/fastlane/lib/fastlane/runner.rb:227:in `chdir'&#10;/Users/WangQiang/.fastlane/bin/bundle/lib/ruby/gems/2.2.0/gems/fastlane-2.108.0/fastlane/lib/fastlane/runner.rb:227:in `execute_action'&#10;/Users/WangQiang/.fastlane/bin/bundle/lib/ruby/gems/2.2.0/gems/fastlane-2.108.0/fastlane/lib/fastlane/runner.rb:157:in `trigger_action_by_name'&#10;/Users/WangQiang/.fastlane/bin/bundle/lib/ruby/gems/2.2.0/gems/fastlane-2.108.0/fastlane/lib/fastlane/fast_file.rb:149:in `method_missing'&#10;Fastfile:49:in `block (2 levels) in parsing_binding'&#10;/Users/WangQiang/.fastlane/bin/bundle/lib/ruby/gems/2.2.0/gems/fastlane-2.108.0/fastlane/lib/fastlane/lane.rb:33:in `call'&#10;/Users/WangQiang/.fastlane/bin/bundle/lib/ruby/gems/2.2.0/gems/fastlane-2.108.0/fastlane/lib/fastlane/lane.rb:33:in `call'&#10;/Users/WangQiang/.fastlane/bin/bundle/lib/ruby/gems/2.2.0/gems/fastlane-2.108.0/fastlane/lib/fastlane/runner.rb:49:in `block in execute'&#10;/Users/WangQiang/.fastlane/bin/bundle/lib/ruby/gems/2.2.0/gems/fastlane-2.108.0/fastlane/lib/fastlane/runner.rb:45:in `chdir'&#10;/Users/WangQiang/.fastlane/bin/bundle/lib/ruby/gems/2.2.0/gems/fastlane-2.108.0/fastlane/lib/fastlane/runner.rb:45:in `execute'&#10;/Users/WangQiang/.fastlane/bin/bundle/lib/ruby/gems/2.2.0/gems/fastlane-2.108.0/fastlane/lib/fastlane/lane_manager.rb:56:in `cruise_lane'&#10;/Users/WangQiang/.fastlane/bin/bundle/lib/ruby/gems/2.2.0/gems/fastlane-2.108.0/fastlane/lib/fastlane/command_line_handler.rb:36:in `handle'&#10;/Users/WangQiang/.fastlane/bin/bundle/lib/ruby/gems/2.2.0/gems/fastlane-2.108.0/fastlane/lib/fastlane/commands_generator.rb:108:in `block (2 levels) in run'&#10;/Users/WangQiang/.fastlane/bin/bundle/lib/ruby/gems/2.2.0/gems/commander-fastlane-4.4.6/lib/commander/command.rb:178:in `call'&#10;/Users/WangQiang/.fastlane/bin/bundle/lib/ruby/gems/2.2.0/gems/commander-fastlane-4.4.6/lib/commander/command.rb:178:in `call'&#10;/Users/WangQiang/.fastlane/bin/bundle/lib/ruby/gems/2.2.0/gems/commander-fastlane-4.4.6/lib/commander/command.rb:153:in `run'&#10;/Users/WangQiang/.fastlane/bin/bundle/lib/ruby/gems/2.2.0/gems/commander-fastlane-4.4.6/lib/commander/runner.rb:476:in `run_active_command'&#10;/Users/WangQiang/.fastlane/bin/bundle/lib/ruby/gems/2.2.0/gems/fastlane-2.108.0/fastlane_core/lib/fastlane_core/ui/fastlane_runner.rb:76:in `run!'&#10;/Users/WangQiang/.fastlane/bin/bundle/lib/ruby/gems/2.2.0/gems/commander-fastlane-4.4.6/lib/commander/delegates.rb:15:in `run!'&#10;/Users/WangQiang/.fastlane/bin/bundle/lib/ruby/gems/2.2.0/gems/fastlane-2.108.0/fastlane/lib/fastlane/commands_generator.rb:333:in `run'&#10;/Users/WangQiang/.fastlane/bin/bundle/lib/ruby/gems/2.2.0/gems/fastlane-2.108.0/fastlane/lib/fastlane/commands_generator.rb:41:in `start'&#10;/Users/WangQiang/.fastlane/bin/bundle/lib/ruby/gems/2.2.0/gems/fastlane-2.108.0/fastlane/lib/fastlane/cli_tools_distributor.rb:108:in `take_off'&#10;/Users/WangQiang/.fastlane/bin/bundle/lib/ruby/gems/2.2.0/gems/fastlane-2.108.0/bin/fastlane:23:in `&lt;top (required)&gt;'&#10;/Users/WangQiang/.fastlane/bin/bundle/bin/fastlane:22:in `load'&#10;/Users/WangQiang/.fastlane/bin/bundle/bin/fastlane:22:in `&lt;main&gt;'&#10;&#10;Exit status of command 'pod lib lint --allow-warnings' was 1 instead of 0.&#10;&#10; -&gt; WQBasicModules -&gt; WQBasicModules (0.1.9)&#10;    - NOTE  | [WQBasicModules/WQAnimation, WQBasicModules/WQAnimation/Layer, WQBasicModules/WQExtensions, and more...] xcodebuild:  note: Using new build system&#10;    - NOTE  | [WQBasicModules/WQAnimation, WQBasicModules/WQAnimation/Layer, WQBasicModules/WQExtensions, and more...] xcodebuild:  note: Planning build&#10;    - NOTE  | [WQBasicModules/WQAnimation, WQBasicModules/WQAnimation/Layer, WQBasicModules/WQExtensions, and more...] xcodebuild:  note: Constructing build description&#10;    - NOTE  | [WQBasicModules/WQAnimation, WQBasicModules/WQAnimation/Layer, WQBasicModules/WQExtensions, and more...] xcodebuild:  warning: Skipping code signing because the target does not have an Info.plist file. (in target 'App')&#10;    - ERROR | [iOS] [WQBasicModules/WQExtensions] xcodebuild: Returned an unsuccessful exit code. You can use `--verbose` for more information.&#10;    - ERROR | [iOS] [WQBasicModules/WQExtensions] xcodebuild:  /Users/WangQiang/Desktop/Desktop/Components/WQBasicModules/WQBasicModules/Classes/WQExtensions/WQUIKit/UIImageView+Animations.swift:13:18: error: value of type 'CALayer' has no member 'transition'&#10;    - ERROR | [iOS] [WQBasicModules/WQExtensions/WQUIKit] unknown: Encountered an unknown error (419: unexpected token at '{&#10;') during validation.&#10;&#10;[!] WQBasicModules did not pass validation, due to 3 errors.&#10;You can use the `--no-clean` option to inspect any issue.&#10;" />
        
      </testcase>
    
  </testsuite>
</testsuites>
